<?xml version="1.0" encoding="UTF-8"?>
<testsuite name="OwnTracksMQTTVirtualPresenceDriverSpec" tests="8" skipped="0" failures="0" errors="0" timestamp="2026-04-05T04:43:40" hostname="DESKTOP-19PKG4U" time="3.402">
  <properties/>
  <testcase name="sets presence to present when topic matches and _type is location" classname="OwnTracksMQTTVirtualPresenceDriverSpec" time="2.509"/>
  <testcase name="does not send presence event when _type is not location" classname="OwnTracksMQTTVirtualPresenceDriverSpec" time="0.197"/>
  <testcase name="does not send presence event when topic does not match configured user and device" classname="OwnTracksMQTTVirtualPresenceDriverSpec" time="0.144"/>
  <testcase name="does not send presence event for transition message even when topic matches" classname="OwnTracksMQTTVirtualPresenceDriverSpec" time="0.111"/>
  <testcase name="mqttClientStatus accepts a String status" classname="OwnTracksMQTTVirtualPresenceDriverSpec" time="0.117"/>
  <testcase name="unsubscribe uses state.subscription_topic not settings" classname="OwnTracksMQTTVirtualPresenceDriverSpec" time="0.11"/>
  <testcase name="always fires Subscription_topic_value event regardless of topic match" classname="OwnTracksMQTTVirtualPresenceDriverSpec" time="0.108"/>
  <testcase name="always updates state.Subscription_topic_value with latest payload" classname="OwnTracksMQTTVirtualPresenceDriverSpec" time="0.103"/>
  <system-out><![CDATA[]]></system-out>
  <system-err><![CDATA[]]></system-err>
</testsuite>
